<?xml version="1.0" encoding="UTF-8"?>
<!-- Generated by org.testng.reporters.JUnitReportReporter -->
<testsuite hostname="ArpanaMac" failures="0" tests="61" name="runners.testRunner" time="55.044" errors="1" timestamp="2023-10-29T21:51:29 PDT" skipped="0">
  <testcase classname="runners.testRunner" name="runScenario" time="0.588"/>
  <testcase classname="runners.testRunner" name="runScenario" time="0.866"/>
  <testcase classname="runners.testRunner" name="runScenario" time="0.938"/>
  <testcase classname="runners.testRunner" name="runScenario" time="0.313"/>
  <testcase classname="runners.testRunner" name="runScenario" time="0.946"/>
  <testcase classname="runners.testRunner" name="runScenario" time="1.267"/>
  <testcase classname="runners.testRunner" name="runScenario" time="0.698"/>
  <testcase classname="runners.testRunner" name="runScenario" time="0.876"/>
  <testcase classname="runners.testRunner" name="runScenario" time="0.692"/>
  <testcase classname="runners.testRunner" name="runScenario" time="0.778"/>
  <testcase classname="runners.testRunner" name="runScenario" time="0.700"/>
  <testcase classname="runners.testRunner" name="runScenario" time="0.739"/>
  <testcase classname="runners.testRunner" name="runScenario" time="0.803"/>
  <testcase classname="runners.testRunner" name="runScenario" time="0.734"/>
  <testcase classname="runners.testRunner" name="runScenario" time="2.408"/>
  <testcase classname="runners.testRunner" name="runScenario" time="2.676">
    <error message="unexpected alert open: {Alert text : SyntaxError: bad input on line 2}
  (Session info: chrome=118.0.5993.117): SyntaxError: bad input on line 2
Build info: version: &#039;4.12.1&#039;, revision: &#039;8e34639b11&#039;
System info: os.name: &#039;Mac OS X&#039;, os.arch: &#039;x86_64&#039;, os.version: &#039;11.7.7&#039;, java.version: &#039;17.0.7&#039;
Driver info: org.openqa.selenium.chrome.ChromeDriver
Command: [11d283aa15ecfcb45434b67f9efce34e, findElement {using=xpath, value=//pre[@id =&#039;output&#039;]}]
Capabilities {acceptInsecureCerts: false, browserName: chrome, browserVersion: 118.0.5993.117, chrome: {chromedriverVersion: 118.0.5993.70 (e52f33f30b91..., userDataDir: /var/folders/g_/0nhmnxv5743...}, fedcm:accounts: true, goog:chromeOptions: {debuggerAddress: localhost:49975}, networkConnectionEnabled: false, pageLoadStrategy: normal, platformName: mac, proxy: Proxy(), se:cdp: ws://localhost:49975/devtoo..., se:cdpVersion: 118.0.5993.117, setWindowRect: true, strictFileInteractability: false, timeouts: {implicit: 0, pageLoad: 300000, script: 30000}, unhandledPromptBehavior: dismiss and notify, webauthn:extension:credBlob: true, webauthn:extension:largeBlob: true, webauthn:extension:minPinLength: true, webauthn:extension:prf: true, webauthn:virtualAuthenticators: true}
Session ID: 11d283aa15ecfcb45434b67f9efce34e" type="org.openqa.selenium.UnhandledAlertException">
      <![CDATA[org.openqa.selenium.UnhandledAlertException: unexpected alert open: {Alert text : SyntaxError: bad input on line 2}
  (Session info: chrome=118.0.5993.117): SyntaxError: bad input on line 2
Build info: version: '4.12.1', revision: '8e34639b11'
System info: os.name: 'Mac OS X', os.arch: 'x86_64', os.version: '11.7.7', java.version: '17.0.7'
Driver info: org.openqa.selenium.chrome.ChromeDriver
Command: [11d283aa15ecfcb45434b67f9efce34e, findElement {using=xpath, value=//pre[@id ='output']}]
Capabilities {acceptInsecureCerts: false, browserName: chrome, browserVersion: 118.0.5993.117, chrome: {chromedriverVersion: 118.0.5993.70 (e52f33f30b91..., userDataDir: /var/folders/g_/0nhmnxv5743...}, fedcm:accounts: true, goog:chromeOptions: {debuggerAddress: localhost:49975}, networkConnectionEnabled: false, pageLoadStrategy: normal, platformName: mac, proxy: Proxy(), se:cdp: ws://localhost:49975/devtoo..., se:cdpVersion: 118.0.5993.117, setWindowRect: true, strictFileInteractability: false, timeouts: {implicit: 0, pageLoad: 300000, script: 30000}, unhandledPromptBehavior: dismiss and notify, webauthn:extension:credBlob: true, webauthn:extension:largeBlob: true, webauthn:extension:minPinLength: true, webauthn:extension:prf: true, webauthn:virtualAuthenticators: true}
Session ID: 11d283aa15ecfcb45434b67f9efce34e
at org.openqa.selenium.remote.codec.w3c.W3CHttpResponseCodec.decode(W3CHttpResponseCodec.java:131)
at org.openqa.selenium.remote.codec.w3c.W3CHttpResponseCodec.decode(W3CHttpResponseCodec.java:52)
at org.openqa.selenium.remote.HttpCommandExecutor.execute(HttpCommandExecutor.java:191)
at org.openqa.selenium.remote.service.DriverCommandExecutor.invokeExecute(DriverCommandExecutor.java:196)
at org.openqa.selenium.remote.service.DriverCommandExecutor.execute(DriverCommandExecutor.java:171)
at org.openqa.selenium.remote.RemoteWebDriver.execute(RemoteWebDriver.java:602)
at org.openqa.selenium.remote.ElementLocation$ElementFinder$2.findElement(ElementLocation.java:165)
at org.openqa.selenium.remote.ElementLocation.findElement(ElementLocation.java:59)
at org.openqa.selenium.remote.RemoteWebDriver.findElement(RemoteWebDriver.java:359)
at org.openqa.selenium.remote.RemoteWebDriver.findElement(RemoteWebDriver.java:353)
at org.openqa.selenium.support.pagefactory.DefaultElementLocator.findElement(DefaultElementLocator.java:68)
at org.openqa.selenium.support.pagefactory.internal.LocatingElementHandler.invoke(LocatingElementHandler.java:38)
at jdk.proxy2/jdk.proxy2.$Proxy62.getText(Unknown Source)
at pagesPackage.ArrayPage.getActualResult(ArrayPage.java:121)
at stepDefinitions.ArraySteps.the_user_should_be_presented_with_run_result(ArraySteps.java:151)
at âœ½.The user should be presented with Run result(file:///Users/arpanagodi/eclipse-workspace/DsAlgoCucumberProject/src/test/resources/Features/6_Array.feature:104)
]]>
    </error>
  </testcase> <!-- runScenario -->
  <testcase classname="runners.testRunner" name="runScenario" time="0.625"/>
  <testcase classname="runners.testRunner" name="runScenario" time="0.809"/>
  <testcase classname="runners.testRunner" name="runScenario" time="0.648"/>
  <testcase classname="runners.testRunner" name="runScenario" time="0.867"/>
  <testcase classname="runners.testRunner" name="runScenario" time="1.086"/>
  <testcase classname="runners.testRunner" name="runScenario" time="0.804"/>
  <testcase classname="runners.testRunner" name="runScenario" time="0.795"/>
  <testcase classname="runners.testRunner" name="runScenario" time="0.939"/>
  <testcase classname="runners.testRunner" name="runScenario" time="2.371"/>
  <testcase classname="runners.testRunner" name="runScenario" time="0.897"/>
  <testcase classname="runners.testRunner" name="runScenario" time="0.661"/>
  <testcase classname="runners.testRunner" name="runScenario" time="1.037"/>
  <testcase classname="runners.testRunner" name="runScenario" time="0.642"/>
  <testcase classname="runners.testRunner" name="runScenario" time="0.550"/>
  <testcase classname="runners.testRunner" name="runScenario" time="0.804"/>
  <testcase classname="runners.testRunner" name="runScenario" time="0.595"/>
  <testcase classname="runners.testRunner" name="runScenario" time="0.559"/>
  <testcase classname="runners.testRunner" name="runScenario" time="0.988"/>
  <testcase classname="runners.testRunner" name="runScenario" time="1.157"/>
  <testcase classname="runners.testRunner" name="runScenario" time="0.709"/>
  <testcase classname="runners.testRunner" name="runScenario" time="0.593"/>
  <testcase classname="runners.testRunner" name="runScenario" time="0.871"/>
  <testcase classname="runners.testRunner" name="runScenario" time="0.780"/>
  <testcase classname="runners.testRunner" name="runScenario" time="0.740"/>
  <testcase classname="runners.testRunner" name="runScenario" time="0.853"/>
  <testcase classname="runners.testRunner" name="runScenario" time="0.934"/>
  <testcase classname="runners.testRunner" name="runScenario" time="0.768"/>
  <testcase classname="runners.testRunner" name="runScenario" time="0.705"/>
  <testcase classname="runners.testRunner" name="runScenario" time="0.689"/>
  <testcase classname="runners.testRunner" name="runScenario" time="0.737"/>
  <testcase classname="runners.testRunner" name="runScenario" time="1.299"/>
  <testcase classname="runners.testRunner" name="runScenario" time="0.915"/>
  <testcase classname="runners.testRunner" name="runScenario" time="1.148"/>
  <testcase classname="runners.testRunner" name="runScenario" time="0.858"/>
  <testcase classname="runners.testRunner" name="runScenario" time="1.212"/>
  <testcase classname="runners.testRunner" name="runScenario" time="1.015"/>
  <testcase classname="runners.testRunner" name="runScenario" time="0.854"/>
  <testcase classname="runners.testRunner" name="runScenario" time="0.536"/>
  <testcase classname="runners.testRunner" name="runScenario" time="0.775"/>
  <testcase classname="runners.testRunner" name="runScenario" time="0.589"/>
  <testcase classname="runners.testRunner" name="runScenario" time="1.009"/>
  <testcase classname="runners.testRunner" name="runScenario" time="0.811"/>
  <testcase classname="runners.testRunner" name="runScenario" time="1.404"/>
  <testcase classname="runners.testRunner" name="runScenario" time="0.771"/>
  <testcase classname="runners.testRunner" name="runScenario" time="0.613"/>
</testsuite> <!-- runners.testRunner -->
